<?xml version="1.0" encoding="UTF-8"?>
<!-- Generated by org.testng.reporters.JUnitReportReporter -->
<testsuite hostname="DESKTOP-9FPMCVI" failures="0" tests="5" name="com.inetbanking.testCases.TC_LoginTest_002" time="93.711" errors="1" timestamp="2023-05-07T13:25:25 IST" skipped="4">
  <testcase classname="com.inetbanking.testCases.TC_LoginTest_002" name="LoginTest2" time="0.000">
    <skipped/>
  </testcase> <!-- LoginTest2 -->
  <system-out>
    <![CDATA[Method name is - LoginTest2]]>
  </system-out>
  <testcase classname="com.inetbanking.testCases.TC_LoginTest_002" name="LoginTest2" time="0.000">
    <skipped/>
  </testcase> <!-- LoginTest2 -->
  <system-out>
    <![CDATA[Method name is - LoginTest2]]>
  </system-out>
  <testcase classname="com.inetbanking.testCases.TC_LoginTest_002" name="LoginTest2" time="0.001">
    <skipped/>
  </testcase> <!-- LoginTest2 -->
  <system-out>
    <![CDATA[Method name is - LoginTest2]]>
  </system-out>
  <testcase classname="com.inetbanking.testCases.TC_LoginTest_002" name="LoginTest2" time="0.000">
    <skipped/>
  </testcase> <!-- LoginTest2 -->
  <system-out/>
  <testcase classname="com.inetbanking.testCases.TC_LoginTest_002" name="setUp" time="93.710">
    <error message="chrome not reachable
Build info: version: &#039;3.141.5&#039;, revision: &#039;d54ebd709a&#039;, time: &#039;2018-11-06T11:42:16&#039;
System info: host: &#039;DESKTOP-9FPMCVI&#039;, ip: &#039;192.168.0.103&#039;, os.name: &#039;Windows 10&#039;, os.arch: &#039;amd64&#039;, os.version: &#039;10.0&#039;, java.version: &#039;17.0.6&#039;
Driver info: driver.version: ChromeDriver
remote stacktrace: Backtrace:
	GetHandleVerifier [0x00ACDCE3+50899]
	(No symbol) [0x00A5E111]
	(No symbol) [0x00965450]
	(No symbol) [0x0095B2B5]
	(No symbol) [0x009851C8]
	(No symbol) [0x00981471]
	(No symbol) [0x0097F479]
	(No symbol) [0x009B1FFE]
	(No symbol) [0x009B1CEC]
	(No symbol) [0x009AB6F6]
	(No symbol) [0x00987708]
	(No symbol) [0x0098886D]
	GetHandleVerifier [0x00D33EAE+2566302]
	GetHandleVerifier [0x00D692B1+2784417]
	GetHandleVerifier [0x00D6327C+2759788]
	GetHandleVerifier [0x00B65740+672048]
	(No symbol) [0x00A68872]
	(No symbol) [0x00A641C8]
	(No symbol) [0x00A642AB]
	(No symbol) [0x00A571B7]
	BaseThreadInitThunk [0x760FF989+25]
	RtlGetAppContainerNamedObjectPath [0x777574B4+228]
	RtlGetAppContainerNamedObjectPath [0x77757484+180]
" type="org.openqa.selenium.WebDriverException">
      <![CDATA[org.openqa.selenium.WebDriverException: chrome not reachable
Build info: version: '3.141.5', revision: 'd54ebd709a', time: '2018-11-06T11:42:16'
System info: host: 'DESKTOP-9FPMCVI', ip: '192.168.0.103', os.name: 'Windows 10', os.arch: 'amd64', os.version: '10.0', java.version: '17.0.6'
Driver info: driver.version: ChromeDriver
remote stacktrace: Backtrace:
GetHandleVerifier [0x00ACDCE3+50899]
(No symbol) [0x00A5E111]
(No symbol) [0x00965450]
(No symbol) [0x0095B2B5]
(No symbol) [0x009851C8]
(No symbol) [0x00981471]
(No symbol) [0x0097F479]
(No symbol) [0x009B1FFE]
(No symbol) [0x009B1CEC]
(No symbol) [0x009AB6F6]
(No symbol) [0x00987708]
(No symbol) [0x0098886D]
GetHandleVerifier [0x00D33EAE+2566302]
GetHandleVerifier [0x00D692B1+2784417]
GetHandleVerifier [0x00D6327C+2759788]
GetHandleVerifier [0x00B65740+672048]
(No symbol) [0x00A68872]
(No symbol) [0x00A641C8]
(No symbol) [0x00A642AB]
(No symbol) [0x00A571B7]
BaseThreadInitThunk [0x760FF989+25]
RtlGetAppContainerNamedObjectPath [0x777574B4+228]
RtlGetAppContainerNamedObjectPath [0x77757484+180]

at java.base/jdk.internal.reflect.NativeConstructorAccessorImpl.newInstance0(Native Method)
at java.base/jdk.internal.reflect.NativeConstructorAccessorImpl.newInstance(NativeConstructorAccessorImpl.java:77)
at java.base/jdk.internal.reflect.DelegatingConstructorAccessorImpl.newInstance(DelegatingConstructorAccessorImpl.java:45)
at java.base/java.lang.reflect.Constructor.newInstanceWithCaller(Constructor.java:499)
at java.base/java.lang.reflect.Constructor.newInstance(Constructor.java:480)
at org.openqa.selenium.remote.W3CHandshakeResponse.lambda$errorHandler$0(W3CHandshakeResponse.java:62)
at org.openqa.selenium.remote.HandshakeResponse.lambda$getResponseFunction$0(HandshakeResponse.java:30)
at org.openqa.selenium.remote.ProtocolHandshake.lambda$createSession$0(ProtocolHandshake.java:123)
at java.base/java.util.stream.ReferencePipeline$3$1.accept(ReferencePipeline.java:197)
at java.base/java.util.Spliterators$ArraySpliterator.tryAdvance(Spliterators.java:1002)
at java.base/java.util.stream.ReferencePipeline.forEachWithCancel(ReferencePipeline.java:129)
at java.base/java.util.stream.AbstractPipeline.copyIntoWithCancel(AbstractPipeline.java:527)
at java.base/java.util.stream.AbstractPipeline.copyInto(AbstractPipeline.java:513)
at java.base/java.util.stream.AbstractPipeline.wrapAndCopyInto(AbstractPipeline.java:499)
at java.base/java.util.stream.FindOps$FindOp.evaluateSequential(FindOps.java:150)
at java.base/java.util.stream.AbstractPipeline.evaluate(AbstractPipeline.java:234)
at java.base/java.util.stream.ReferencePipeline.findFirst(ReferencePipeline.java:647)
at org.openqa.selenium.remote.ProtocolHandshake.createSession(ProtocolHandshake.java:125)
at org.openqa.selenium.remote.ProtocolHandshake.createSession(ProtocolHandshake.java:74)
at org.openqa.selenium.remote.HttpCommandExecutor.execute(HttpCommandExecutor.java:136)
at org.openqa.selenium.remote.service.DriverCommandExecutor.execute(DriverCommandExecutor.java:83)
at org.openqa.selenium.remote.RemoteWebDriver.execute(RemoteWebDriver.java:552)
at org.openqa.selenium.remote.RemoteWebDriver.startSession(RemoteWebDriver.java:213)
at org.openqa.selenium.remote.RemoteWebDriver.<init>(RemoteWebDriver.java:131)
at org.openqa.selenium.chrome.ChromeDriver.<init>(ChromeDriver.java:181)
at org.openqa.selenium.chrome.ChromeDriver.<init>(ChromeDriver.java:168)
at org.openqa.selenium.chrome.ChromeDriver.<init>(ChromeDriver.java:123)
at com.inetbanking.pageObjects.BaseTest.setUp(BaseTest.java:43)
at java.base/jdk.internal.reflect.NativeMethodAccessorImpl.invoke0(Native Method)
at java.base/jdk.internal.reflect.NativeMethodAccessorImpl.invoke(NativeMethodAccessorImpl.java:77)
at java.base/jdk.internal.reflect.DelegatingMethodAccessorImpl.invoke(DelegatingMethodAccessorImpl.java:43)
at java.base/java.lang.reflect.Method.invoke(Method.java:568)
at org.testng.internal.invokers.MethodInvocationHelper.invokeMethod(MethodInvocationHelper.java:139)
at org.testng.internal.invokers.MethodInvocationHelper.invokeMethodConsideringTimeout(MethodInvocationHelper.java:69)
at org.testng.internal.invokers.ConfigInvoker.invokeConfigurationMethod(ConfigInvoker.java:361)
at org.testng.internal.invokers.ConfigInvoker.invokeConfigurations(ConfigInvoker.java:296)
at org.testng.internal.invokers.TestMethodWorker.invokeBeforeClassMethods(TestMethodWorker.java:180)
at org.testng.internal.invokers.TestMethodWorker.run(TestMethodWorker.java:122)
at java.base/java.util.ArrayList.forEach(ArrayList.java:1511)
at org.testng.TestRunner.privateRun(TestRunner.java:829)
at org.testng.TestRunner.run(TestRunner.java:602)
at org.testng.SuiteRunner.runTest(SuiteRunner.java:437)
at org.testng.SuiteRunner.runSequentially(SuiteRunner.java:431)
at org.testng.SuiteRunner.privateRun(SuiteRunner.java:391)
at org.testng.SuiteRunner.run(SuiteRunner.java:330)
at org.testng.SuiteRunnerWorker.runSuite(SuiteRunnerWorker.java:52)
at org.testng.SuiteRunnerWorker.run(SuiteRunnerWorker.java:95)
at org.testng.TestNG.runSuitesSequentially(TestNG.java:1256)
at org.testng.TestNG.runSuitesLocally(TestNG.java:1176)
at org.testng.TestNG.runSuites(TestNG.java:1099)
at org.testng.TestNG.run(TestNG.java:1067)
at org.testng.remote.AbstractRemoteTestNG.run(AbstractRemoteTestNG.java:115)
at org.testng.remote.RemoteTestNG.initAndRun(RemoteTestNG.java:251)
at org.testng.remote.RemoteTestNG.main(RemoteTestNG.java:77)
]]>
    </error>
  </testcase> <!-- setUp -->
  <system-out/>
</testsuite> <!-- com.inetbanking.testCases.TC_LoginTest_002 -->
