<!DOCTYPE html>

<html>
  <head>
  <meta charset='utf-8'>
  <title>TestNG reports</title>

    <link type="text/css" href="testng-reports1.css" rel="stylesheet" id="ultra" />
    <link type="text/css" href="testng-reports.css" rel="stylesheet" id="retro" disabled="false"/>
    <script type="text/javascript" src="jquery-3.6.0.min.js"></script>
    <script type="text/javascript" src="testng-reports.js"></script>
    <script type="text/javascript" src="https://www.google.com/jsapi"></script>
    <script type='text/javascript'>
      google.load('visualization', '1', {packages:['table']});
      google.setOnLoadCallback(drawTable);
      var suiteTableInitFunctions = new Array();
      var suiteTableData = new Array();
    </script>
    <!--
      <script type="text/javascript" src="jquery-ui/js/jquery-ui-1.8.16.custom.min.js"></script>
     -->
  </head>

  <body>    <div class="top-banner-root">
      <span class="top-banner-title-font">Test results</span>
      <button id="button" class="button">Switch Retro Theme</button> <!-- button -->
      <br/>
      <span class="top-banner-font-1">1 suite</span>
    </div> <!-- top-banner-root -->
    <div class="navigator-root">
      <div class="navigator-suite-header">
        <span>All suites</span>
        <a href="#" title="Collapse/expand all the suites" class="collapse-all-link">
          <img src="collapseall.gif" class="collapse-all-icon">
          </img> <!-- collapse-all-icon -->
        </a> <!-- collapse-all-link -->
      </div> <!-- navigator-suite-header -->
      <div class="suite">
        <div class="rounded-window">
          <div class="suite-header light-rounded-window-top">
            <a href="#" panel-name="suite-inetbankingv1" class="navigator-link">
              <span class="suite-name border-skipped">inetbankingv1</span>
            </a> <!-- navigator-link -->
          </div> <!-- suite-header light-rounded-window-top -->
          <div class="navigator-suite-content">
            <div class="suite-section-title">
              <span>Info</span>
            </div> <!-- suite-section-title -->
            <div class="suite-section-content">
              <ul>
                <li>
                  <a href="#" panel-name="test-xml-inetbankingv1" class="navigator-link ">
                    <span>C:\Users\hp\eclipse-workspace\HybridFramework\inetbankingv1\testrunner\testng.xml</span>
                  </a> <!-- navigator-link  -->
                </li>
                <li>
                  <a href="#" panel-name="testlist-inetbankingv1" class="navigator-link ">
                    <span class="test-stats">1 test</span>
                  </a> <!-- navigator-link  -->
                </li>
                <li>
                  <a href="#" panel-name="group-inetbankingv1" class="navigator-link ">
                    <span>0 groups</span>
                  </a> <!-- navigator-link  -->
                </li>
                <li>
                  <a href="#" panel-name="times-inetbankingv1" class="navigator-link ">
                    <span>Times</span>
                  </a> <!-- navigator-link  -->
                </li>
                <li>
                  <a href="#" panel-name="reporter-inetbankingv1" class="navigator-link ">
                    <span>Reporter output</span>
                  </a> <!-- navigator-link  -->
                </li>
                <li>
                  <a href="#" panel-name="ignored-methods-inetbankingv1" class="navigator-link ">
                    <span>Ignored methods</span>
                  </a> <!-- navigator-link  -->
                </li>
                <li>
                  <a href="#" panel-name="chronological-inetbankingv1" class="navigator-link ">
                    <span>Chronological view</span>
                  </a> <!-- navigator-link  -->
                </li>
              </ul>
            </div> <!-- suite-section-content -->
            <div class="result-section">
              <div class="suite-section-title">
                <span>Results</span>
              </div> <!-- suite-section-title -->
              <div class="suite-section-content">
                <ul>
                  <li>
                    <span class="method-stats">4 methods,  4 skipped,  </span>
                  </li>
                  <li>
                    <span class="method-list-title skipped">Skipped methods</span>
                    <span class="show-or-hide-methods skipped">
                      <a href="#" panel-name="suite-inetbankingv1" class="hide-methods skipped suite-inetbankingv1"> (hide)</a> <!-- hide-methods skipped suite-inetbankingv1 -->
                      <a href="#" panel-name="suite-inetbankingv1" class="show-methods skipped suite-inetbankingv1"> (show)</a> <!-- show-methods skipped suite-inetbankingv1 -->
                    </span>
                    <div class="method-list-content skipped suite-inetbankingv1">
                      <span>
                        <img src="skipped.png" width="3%"/>
                        <a href="#" panel-name="suite-inetbankingv1" title="com.inetbanking.testCases.TC_LoginTest_002" class="method navigator-link" hash-for-method="LoginTest2(dasharathamallik11@gmail.com, dtdtfuyu5)">LoginTest2(dasharathamallik11@gmail.com, dtdtfuyu5)</a> <!-- method navigator-link -->
                      </span>
                      <br/>
                      <span>
                        <img src="skipped.png" width="3%"/>
                        <a href="#" panel-name="suite-inetbankingv1" title="com.inetbanking.testCases.TC_LoginTest_002" class="method navigator-link" hash-for-method="LoginTest2(dasharathamallik11@gmail.com, Hemanta12)">LoginTest2(dasharathamallik11@gmail.com, Hemanta12)</a> <!-- method navigator-link -->
                      </span>
                      <br/>
                      <span>
                        <img src="skipped.png" width="3%"/>
                        <a href="#" panel-name="suite-inetbankingv1" title="com.inetbanking.testCases.TC_LoginTest_002" class="method navigator-link" hash-for-method="LoginTest2(dasharathamallik11@gmail.com, 12tyftfu)">LoginTest2(dasharathamallik11@gmail.com, 12tyftfu)</a> <!-- method navigator-link -->
                      </span>
                      <br/>
                      <span>
                        <img src="skipped.png" width="3%"/>
                        <a href="#" panel-name="suite-inetbankingv1" title="com.inetbanking.testCases.TC_LoginTest_002" class="method navigator-link" hash-for-method="LoginTest2(dasharathamallik11@gmail.com, Hemanta)">LoginTest2(dasharathamallik11@gmail.com, Hemanta)</a> <!-- method navigator-link -->
                      </span>
                      <br/>
                    </div> <!-- method-list-content skipped suite-inetbankingv1 -->
                  </li>
                </ul>
              </div> <!-- suite-section-content -->
            </div> <!-- result-section -->
          </div> <!-- navigator-suite-content -->
        </div> <!-- rounded-window -->
      </div> <!-- suite -->
    </div> <!-- navigator-root -->
    <div class="wrapper">
      <div class="main-panel-root">
        <div panel-name="suite-inetbankingv1" class="panel inetbankingv1">
          <div class="suite-inetbankingv1-class-skipped">
            <div class="main-panel-header rounded-window-top">
              <img src="skipped.png"/>
              <span class="class-name">com.inetbanking.testCases.TC_LoginTest_002</span>
            </div> <!-- main-panel-header rounded-window-top -->
            <div class="main-panel-content rounded-window-bottom">
              <div class="method">
                <div class="method-content">
                  <a name="LoginTest2(dasharathamallik11@gmail.com, dtdtfuyu5)">
                  </a> <!-- LoginTest2(dasharathamallik11@gmail.com, dtdtfuyu5) -->
                  <span class="method-name">LoginTest2</span>
                  <span class="parameters">(dasharathamallik11@gmail.com,dtdtfuyu5)</span>
                  <div class="stack-trace">org.openqa.selenium.WebDriverException: chrome not reachable
Build info: version: &apos;3.141.5&apos;, revision: &apos;d54ebd709a&apos;, time: &apos;2018-11-06T11:42:16&apos;
System info: host: &apos;DESKTOP-9FPMCVI&apos;, ip: &apos;192.168.0.103&apos;, os.name: &apos;Windows 10&apos;, os.arch: &apos;amd64&apos;, os.version: &apos;10.0&apos;, java.version: &apos;17.0.6&apos;
Driver info: driver.version: ChromeDriver
remote stacktrace: Backtrace:
	GetHandleVerifier [0x00ACDCE3+50899]
	(No symbol) [0x00A5E111]
	(No symbol) [0x00965450]
	(No symbol) [0x0095B2B5]
	(No symbol) [0x009851C8]
	(No symbol) [0x00981471]
	(No symbol) [0x0097F479]
	(No symbol) [0x009B1FFE]
	(No symbol) [0x009B1CEC]
	(No symbol) [0x009AB6F6]
	(No symbol) [0x00987708]
	(No symbol) [0x0098886D]
	GetHandleVerifier [0x00D33EAE+2566302]
	GetHandleVerifier [0x00D692B1+2784417]
	GetHandleVerifier [0x00D6327C+2759788]
	GetHandleVerifier [0x00B65740+672048]
	(No symbol) [0x00A68872]
	(No symbol) [0x00A641C8]
	(No symbol) [0x00A642AB]
	(No symbol) [0x00A571B7]
	BaseThreadInitThunk [0x760FF989+25]
	RtlGetAppContainerNamedObjectPath [0x777574B4+228]
	RtlGetAppContainerNamedObjectPath [0x77757484+180]

	at org.openqa.selenium.remote.W3CHandshakeResponse.lambda$errorHandler$0(W3CHandshakeResponse.java:62)
	at org.openqa.selenium.remote.HandshakeResponse.lambda$getResponseFunction$0(HandshakeResponse.java:30)
	at org.openqa.selenium.remote.ProtocolHandshake.lambda$createSession$0(ProtocolHandshake.java:123)
	at java.base/java.util.stream.ReferencePipeline$3$1.accept(ReferencePipeline.java:197)
	at java.base/java.util.Spliterators$ArraySpliterator.tryAdvance(Spliterators.java:1002)
	at java.base/java.util.stream.ReferencePipeline.forEachWithCancel(ReferencePipeline.java:129)
	at java.base/java.util.stream.AbstractPipeline.copyIntoWithCancel(AbstractPipeline.java:527)
	at java.base/java.util.stream.AbstractPipeline.copyInto(AbstractPipeline.java:513)
	at java.base/java.util.stream.AbstractPipeline.wrapAndCopyInto(AbstractPipeline.java:499)
	at java.base/java.util.stream.FindOps$FindOp.evaluateSequential(FindOps.java:150)
	at java.base/java.util.stream.AbstractPipeline.evaluate(AbstractPipeline.java:234)
	at java.base/java.util.stream.ReferencePipeline.findFirst(ReferencePipeline.java:647)
	at org.openqa.selenium.remote.ProtocolHandshake.createSession(ProtocolHandshake.java:125)
	at org.openqa.selenium.remote.ProtocolHandshake.createSession(ProtocolHandshake.java:74)
	at org.openqa.selenium.remote.HttpCommandExecutor.execute(HttpCommandExecutor.java:136)
	at org.openqa.selenium.remote.service.DriverCommandExecutor.execute(DriverCommandExecutor.java:83)
	at org.openqa.selenium.remote.RemoteWebDriver.execute(RemoteWebDriver.java:552)
	at org.openqa.selenium.remote.RemoteWebDriver.startSession(RemoteWebDriver.java:213)
	at org.openqa.selenium.remote.RemoteWebDriver.&lt;init&gt;(RemoteWebDriver.java:131)
	at org.openqa.selenium.chrome.ChromeDriver.&lt;init&gt;(ChromeDriver.java:181)
	at org.openqa.selenium.chrome.ChromeDriver.&lt;init&gt;(ChromeDriver.java:168)
	at org.openqa.selenium.chrome.ChromeDriver.&lt;init&gt;(ChromeDriver.java:123)
	at com.inetbanking.pageObjects.BaseTest.setUp(BaseTest.java:43)
	at java.base/java.util.ArrayList.forEach(ArrayList.java:1511)
... Removed 30 stack frames
</div> <!-- stack-trace -->
                </div> <!-- method-content -->
              </div> <!-- method -->
              <div class="method">
                <div class="method-content">
                  <a name="LoginTest2(dasharathamallik11@gmail.com, Hemanta12)">
                  </a> <!-- LoginTest2(dasharathamallik11@gmail.com, Hemanta12) -->
                  <span class="method-name">LoginTest2</span>
                  <span class="parameters">(dasharathamallik11@gmail.com,Hemanta12)</span>
                  <div class="stack-trace">org.openqa.selenium.WebDriverException: chrome not reachable
Build info: version: &apos;3.141.5&apos;, revision: &apos;d54ebd709a&apos;, time: &apos;2018-11-06T11:42:16&apos;
System info: host: &apos;DESKTOP-9FPMCVI&apos;, ip: &apos;192.168.0.103&apos;, os.name: &apos;Windows 10&apos;, os.arch: &apos;amd64&apos;, os.version: &apos;10.0&apos;, java.version: &apos;17.0.6&apos;
Driver info: driver.version: ChromeDriver
remote stacktrace: Backtrace:
	GetHandleVerifier [0x00ACDCE3+50899]
	(No symbol) [0x00A5E111]
	(No symbol) [0x00965450]
	(No symbol) [0x0095B2B5]
	(No symbol) [0x009851C8]
	(No symbol) [0x00981471]
	(No symbol) [0x0097F479]
	(No symbol) [0x009B1FFE]
	(No symbol) [0x009B1CEC]
	(No symbol) [0x009AB6F6]
	(No symbol) [0x00987708]
	(No symbol) [0x0098886D]
	GetHandleVerifier [0x00D33EAE+2566302]
	GetHandleVerifier [0x00D692B1+2784417]
	GetHandleVerifier [0x00D6327C+2759788]
	GetHandleVerifier [0x00B65740+672048]
	(No symbol) [0x00A68872]
	(No symbol) [0x00A641C8]
	(No symbol) [0x00A642AB]
	(No symbol) [0x00A571B7]
	BaseThreadInitThunk [0x760FF989+25]
	RtlGetAppContainerNamedObjectPath [0x777574B4+228]
	RtlGetAppContainerNamedObjectPath [0x77757484+180]

	at org.openqa.selenium.remote.W3CHandshakeResponse.lambda$errorHandler$0(W3CHandshakeResponse.java:62)
	at org.openqa.selenium.remote.HandshakeResponse.lambda$getResponseFunction$0(HandshakeResponse.java:30)
	at org.openqa.selenium.remote.ProtocolHandshake.lambda$createSession$0(ProtocolHandshake.java:123)
	at java.base/java.util.stream.ReferencePipeline$3$1.accept(ReferencePipeline.java:197)
	at java.base/java.util.Spliterators$ArraySpliterator.tryAdvance(Spliterators.java:1002)
	at java.base/java.util.stream.ReferencePipeline.forEachWithCancel(ReferencePipeline.java:129)
	at java.base/java.util.stream.AbstractPipeline.copyIntoWithCancel(AbstractPipeline.java:527)
	at java.base/java.util.stream.AbstractPipeline.copyInto(AbstractPipeline.java:513)
	at java.base/java.util.stream.AbstractPipeline.wrapAndCopyInto(AbstractPipeline.java:499)
	at java.base/java.util.stream.FindOps$FindOp.evaluateSequential(FindOps.java:150)
	at java.base/java.util.stream.AbstractPipeline.evaluate(AbstractPipeline.java:234)
	at java.base/java.util.stream.ReferencePipeline.findFirst(ReferencePipeline.java:647)
	at org.openqa.selenium.remote.ProtocolHandshake.createSession(ProtocolHandshake.java:125)
	at org.openqa.selenium.remote.ProtocolHandshake.createSession(ProtocolHandshake.java:74)
	at org.openqa.selenium.remote.HttpCommandExecutor.execute(HttpCommandExecutor.java:136)
	at org.openqa.selenium.remote.service.DriverCommandExecutor.execute(DriverCommandExecutor.java:83)
	at org.openqa.selenium.remote.RemoteWebDriver.execute(RemoteWebDriver.java:552)
	at org.openqa.selenium.remote.RemoteWebDriver.startSession(RemoteWebDriver.java:213)
	at org.openqa.selenium.remote.RemoteWebDriver.&lt;init&gt;(RemoteWebDriver.java:131)
	at org.openqa.selenium.chrome.ChromeDriver.&lt;init&gt;(ChromeDriver.java:181)
	at org.openqa.selenium.chrome.ChromeDriver.&lt;init&gt;(ChromeDriver.java:168)
	at org.openqa.selenium.chrome.ChromeDriver.&lt;init&gt;(ChromeDriver.java:123)
	at com.inetbanking.pageObjects.BaseTest.setUp(BaseTest.java:43)
	at java.base/java.util.ArrayList.forEach(ArrayList.java:1511)
... Removed 30 stack frames
</div> <!-- stack-trace -->
                </div> <!-- method-content -->
              </div> <!-- method -->
              <div class="method">
                <div class="method-content">
                  <a name="LoginTest2(dasharathamallik11@gmail.com, 12tyftfu)">
                  </a> <!-- LoginTest2(dasharathamallik11@gmail.com, 12tyftfu) -->
                  <span class="method-name">LoginTest2</span>
                  <span class="parameters">(dasharathamallik11@gmail.com,12tyftfu)</span>
                  <div class="stack-trace">org.openqa.selenium.WebDriverException: chrome not reachable
Build info: version: &apos;3.141.5&apos;, revision: &apos;d54ebd709a&apos;, time: &apos;2018-11-06T11:42:16&apos;
System info: host: &apos;DESKTOP-9FPMCVI&apos;, ip: &apos;192.168.0.103&apos;, os.name: &apos;Windows 10&apos;, os.arch: &apos;amd64&apos;, os.version: &apos;10.0&apos;, java.version: &apos;17.0.6&apos;
Driver info: driver.version: ChromeDriver
remote stacktrace: Backtrace:
	GetHandleVerifier [0x00ACDCE3+50899]
	(No symbol) [0x00A5E111]
	(No symbol) [0x00965450]
	(No symbol) [0x0095B2B5]
	(No symbol) [0x009851C8]
	(No symbol) [0x00981471]
	(No symbol) [0x0097F479]
	(No symbol) [0x009B1FFE]
	(No symbol) [0x009B1CEC]
	(No symbol) [0x009AB6F6]
	(No symbol) [0x00987708]
	(No symbol) [0x0098886D]
	GetHandleVerifier [0x00D33EAE+2566302]
	GetHandleVerifier [0x00D692B1+2784417]
	GetHandleVerifier [0x00D6327C+2759788]
	GetHandleVerifier [0x00B65740+672048]
	(No symbol) [0x00A68872]
	(No symbol) [0x00A641C8]
	(No symbol) [0x00A642AB]
	(No symbol) [0x00A571B7]
	BaseThreadInitThunk [0x760FF989+25]
	RtlGetAppContainerNamedObjectPath [0x777574B4+228]
	RtlGetAppContainerNamedObjectPath [0x77757484+180]

	at org.openqa.selenium.remote.W3CHandshakeResponse.lambda$errorHandler$0(W3CHandshakeResponse.java:62)
	at org.openqa.selenium.remote.HandshakeResponse.lambda$getResponseFunction$0(HandshakeResponse.java:30)
	at org.openqa.selenium.remote.ProtocolHandshake.lambda$createSession$0(ProtocolHandshake.java:123)
	at java.base/java.util.stream.ReferencePipeline$3$1.accept(ReferencePipeline.java:197)
	at java.base/java.util.Spliterators$ArraySpliterator.tryAdvance(Spliterators.java:1002)
	at java.base/java.util.stream.ReferencePipeline.forEachWithCancel(ReferencePipeline.java:129)
	at java.base/java.util.stream.AbstractPipeline.copyIntoWithCancel(AbstractPipeline.java:527)
	at java.base/java.util.stream.AbstractPipeline.copyInto(AbstractPipeline.java:513)
	at java.base/java.util.stream.AbstractPipeline.wrapAndCopyInto(AbstractPipeline.java:499)
	at java.base/java.util.stream.FindOps$FindOp.evaluateSequential(FindOps.java:150)
	at java.base/java.util.stream.AbstractPipeline.evaluate(AbstractPipeline.java:234)
	at java.base/java.util.stream.ReferencePipeline.findFirst(ReferencePipeline.java:647)
	at org.openqa.selenium.remote.ProtocolHandshake.createSession(ProtocolHandshake.java:125)
	at org.openqa.selenium.remote.ProtocolHandshake.createSession(ProtocolHandshake.java:74)
	at org.openqa.selenium.remote.HttpCommandExecutor.execute(HttpCommandExecutor.java:136)
	at org.openqa.selenium.remote.service.DriverCommandExecutor.execute(DriverCommandExecutor.java:83)
	at org.openqa.selenium.remote.RemoteWebDriver.execute(RemoteWebDriver.java:552)
	at org.openqa.selenium.remote.RemoteWebDriver.startSession(RemoteWebDriver.java:213)
	at org.openqa.selenium.remote.RemoteWebDriver.&lt;init&gt;(RemoteWebDriver.java:131)
	at org.openqa.selenium.chrome.ChromeDriver.&lt;init&gt;(ChromeDriver.java:181)
	at org.openqa.selenium.chrome.ChromeDriver.&lt;init&gt;(ChromeDriver.java:168)
	at org.openqa.selenium.chrome.ChromeDriver.&lt;init&gt;(ChromeDriver.java:123)
	at com.inetbanking.pageObjects.BaseTest.setUp(BaseTest.java:43)
	at java.base/java.util.ArrayList.forEach(ArrayList.java:1511)
... Removed 30 stack frames
</div> <!-- stack-trace -->
                </div> <!-- method-content -->
              </div> <!-- method -->
              <div class="method">
                <div class="method-content">
                  <a name="LoginTest2(dasharathamallik11@gmail.com, Hemanta)">
                  </a> <!-- LoginTest2(dasharathamallik11@gmail.com, Hemanta) -->
                  <span class="method-name">LoginTest2</span>
                  <span class="parameters">(dasharathamallik11@gmail.com,Hemanta)</span>
                  <div class="stack-trace">org.openqa.selenium.WebDriverException: chrome not reachable
Build info: version: &apos;3.141.5&apos;, revision: &apos;d54ebd709a&apos;, time: &apos;2018-11-06T11:42:16&apos;
System info: host: &apos;DESKTOP-9FPMCVI&apos;, ip: &apos;192.168.0.103&apos;, os.name: &apos;Windows 10&apos;, os.arch: &apos;amd64&apos;, os.version: &apos;10.0&apos;, java.version: &apos;17.0.6&apos;
Driver info: driver.version: ChromeDriver
remote stacktrace: Backtrace:
	GetHandleVerifier [0x00ACDCE3+50899]
	(No symbol) [0x00A5E111]
	(No symbol) [0x00965450]
	(No symbol) [0x0095B2B5]
	(No symbol) [0x009851C8]
	(No symbol) [0x00981471]
	(No symbol) [0x0097F479]
	(No symbol) [0x009B1FFE]
	(No symbol) [0x009B1CEC]
	(No symbol) [0x009AB6F6]
	(No symbol) [0x00987708]
	(No symbol) [0x0098886D]
	GetHandleVerifier [0x00D33EAE+2566302]
	GetHandleVerifier [0x00D692B1+2784417]
	GetHandleVerifier [0x00D6327C+2759788]
	GetHandleVerifier [0x00B65740+672048]
	(No symbol) [0x00A68872]
	(No symbol) [0x00A641C8]
	(No symbol) [0x00A642AB]
	(No symbol) [0x00A571B7]
	BaseThreadInitThunk [0x760FF989+25]
	RtlGetAppContainerNamedObjectPath [0x777574B4+228]
	RtlGetAppContainerNamedObjectPath [0x77757484+180]

	at org.openqa.selenium.remote.W3CHandshakeResponse.lambda$errorHandler$0(W3CHandshakeResponse.java:62)
	at org.openqa.selenium.remote.HandshakeResponse.lambda$getResponseFunction$0(HandshakeResponse.java:30)
	at org.openqa.selenium.remote.ProtocolHandshake.lambda$createSession$0(ProtocolHandshake.java:123)
	at java.base/java.util.stream.ReferencePipeline$3$1.accept(ReferencePipeline.java:197)
	at java.base/java.util.Spliterators$ArraySpliterator.tryAdvance(Spliterators.java:1002)
	at java.base/java.util.stream.ReferencePipeline.forEachWithCancel(ReferencePipeline.java:129)
	at java.base/java.util.stream.AbstractPipeline.copyIntoWithCancel(AbstractPipeline.java:527)
	at java.base/java.util.stream.AbstractPipeline.copyInto(AbstractPipeline.java:513)
	at java.base/java.util.stream.AbstractPipeline.wrapAndCopyInto(AbstractPipeline.java:499)
	at java.base/java.util.stream.FindOps$FindOp.evaluateSequential(FindOps.java:150)
	at java.base/java.util.stream.AbstractPipeline.evaluate(AbstractPipeline.java:234)
	at java.base/java.util.stream.ReferencePipeline.findFirst(ReferencePipeline.java:647)
	at org.openqa.selenium.remote.ProtocolHandshake.createSession(ProtocolHandshake.java:125)
	at org.openqa.selenium.remote.ProtocolHandshake.createSession(ProtocolHandshake.java:74)
	at org.openqa.selenium.remote.HttpCommandExecutor.execute(HttpCommandExecutor.java:136)
	at org.openqa.selenium.remote.service.DriverCommandExecutor.execute(DriverCommandExecutor.java:83)
	at org.openqa.selenium.remote.RemoteWebDriver.execute(RemoteWebDriver.java:552)
	at org.openqa.selenium.remote.RemoteWebDriver.startSession(RemoteWebDriver.java:213)
	at org.openqa.selenium.remote.RemoteWebDriver.&lt;init&gt;(RemoteWebDriver.java:131)
	at org.openqa.selenium.chrome.ChromeDriver.&lt;init&gt;(ChromeDriver.java:181)
	at org.openqa.selenium.chrome.ChromeDriver.&lt;init&gt;(ChromeDriver.java:168)
	at org.openqa.selenium.chrome.ChromeDriver.&lt;init&gt;(ChromeDriver.java:123)
	at com.inetbanking.pageObjects.BaseTest.setUp(BaseTest.java:43)
	at java.base/java.util.ArrayList.forEach(ArrayList.java:1511)
... Removed 30 stack frames
</div> <!-- stack-trace -->
                </div> <!-- method-content -->
              </div> <!-- method -->
            </div> <!-- main-panel-content rounded-window-bottom -->
          </div> <!-- suite-inetbankingv1-class-skipped -->
        </div> <!-- panel inetbankingv1 -->
        <div panel-name="test-xml-inetbankingv1" class="panel">
          <div class="main-panel-header rounded-window-top">
            <span class="header-content">C:\Users\hp\eclipse-workspace\HybridFramework\inetbankingv1\testrunner\testng.xml</span>
          </div> <!-- main-panel-header rounded-window-top -->
          <div class="main-panel-content rounded-window-bottom">
            <pre>
&lt;?xml version=&quot;1.0&quot; encoding=&quot;UTF-8&quot;?&gt;
&lt;!DOCTYPE suite SYSTEM &quot;https://testng.org/testng-1.0.dtd&quot;&gt;
&lt;suite name=&quot;inetbankingv1&quot; guice-stage=&quot;DEVELOPMENT&quot;&gt;
  &lt;listeners&gt;
    &lt;listener class-name=&quot;com.inetbanking.testCases.Listeners3&quot;/&gt;
  &lt;/listeners&gt;
  &lt;test thread-count=&quot;5&quot; name=&quot;Fbook Test&quot;&gt;
    &lt;parameter name=&quot;browser&quot; value=&quot;chrome&quot;/&gt;
    &lt;classes&gt;
      &lt;class name=&quot;com.inetbanking.testCases.TC_LoginTest_002&quot;/&gt;
    &lt;/classes&gt;
  &lt;/test&gt; &lt;!-- Fbook Test --&gt;
&lt;/suite&gt; &lt;!-- inetbankingv1 --&gt;
            </pre>
          </div> <!-- main-panel-content rounded-window-bottom -->
        </div> <!-- panel -->
        <div panel-name="testlist-inetbankingv1" class="panel">
          <div class="main-panel-header rounded-window-top">
            <span class="header-content">Tests for inetbankingv1</span>
          </div> <!-- main-panel-header rounded-window-top -->
          <div class="main-panel-content rounded-window-bottom">
            <ul>
              <li>
                <span class="test-name">Fbook Test (1 class)</span>
              </li>
            </ul>
          </div> <!-- main-panel-content rounded-window-bottom -->
        </div> <!-- panel -->
        <div panel-name="group-inetbankingv1" class="panel">
          <div class="main-panel-header rounded-window-top">
            <span class="header-content">Groups for inetbankingv1</span>
          </div> <!-- main-panel-header rounded-window-top -->
          <div class="main-panel-content rounded-window-bottom">
          </div> <!-- main-panel-content rounded-window-bottom -->
        </div> <!-- panel -->
        <div panel-name="times-inetbankingv1" class="panel">
          <div class="main-panel-header rounded-window-top">
            <span class="header-content">Times for inetbankingv1</span>
          </div> <!-- main-panel-header rounded-window-top -->
          <div class="main-panel-content rounded-window-bottom">
            <div class="times-div">
              <script type="text/javascript">
suiteTableInitFunctions.push('tableData_inetbankingv1');
function tableData_inetbankingv1() {
var data = new google.visualization.DataTable();
data.addColumn('number', 'Number');
data.addColumn('string', 'Method');
data.addColumn('string', 'Class');
data.addColumn('number', 'Time (ms)');
data.addRows(4);
data.setCell(0, 0, 0)
data.setCell(0, 1, 'LoginTest2')
data.setCell(0, 2, 'com.inetbanking.testCases.TC_LoginTest_002')
data.setCell(0, 3, 1);
data.setCell(1, 0, 1)
data.setCell(1, 1, 'LoginTest2')
data.setCell(1, 2, 'com.inetbanking.testCases.TC_LoginTest_002')
data.setCell(1, 3, 0);
data.setCell(2, 0, 2)
data.setCell(2, 1, 'LoginTest2')
data.setCell(2, 2, 'com.inetbanking.testCases.TC_LoginTest_002')
data.setCell(2, 3, 0);
data.setCell(3, 0, 3)
data.setCell(3, 1, 'LoginTest2')
data.setCell(3, 2, 'com.inetbanking.testCases.TC_LoginTest_002')
data.setCell(3, 3, 0);
window.suiteTableData['inetbankingv1']= { tableData: data, tableDiv: 'times-div-inetbankingv1'}
return data;
}
              </script>
              <span class="suite-total-time">Total running time: 1 ms</span>
              <div id="times-div-inetbankingv1">
              </div> <!-- times-div-inetbankingv1 -->
            </div> <!-- times-div -->
          </div> <!-- main-panel-content rounded-window-bottom -->
        </div> <!-- panel -->
        <div panel-name="reporter-inetbankingv1" class="panel">
          <div class="main-panel-header rounded-window-top">
            <span class="header-content">Reporter output for inetbankingv1</span>
          </div> <!-- main-panel-header rounded-window-top -->
          <div class="main-panel-content rounded-window-bottom">
            <div class="reporter-method-div">
              <span class="reporter-method-name">LoginTest2(dasharathamallik11@gmail.com, dtdtfuyu5)</span>
              <div class="reporter-method-output-div">
                <span class="reporter-method-output">Method name is - LoginTest2</span>
              </div> <!-- reporter-method-output-div -->
            </div> <!-- reporter-method-div -->
            <div class="reporter-method-div">
              <span class="reporter-method-name">LoginTest2(dasharathamallik11@gmail.com, Hemanta12)</span>
              <div class="reporter-method-output-div">
                <span class="reporter-method-output">Method name is - LoginTest2</span>
              </div> <!-- reporter-method-output-div -->
            </div> <!-- reporter-method-div -->
            <div class="reporter-method-div">
              <span class="reporter-method-name">LoginTest2(dasharathamallik11@gmail.com, 12tyftfu)</span>
              <div class="reporter-method-output-div">
                <span class="reporter-method-output">Method name is - LoginTest2</span>
              </div> <!-- reporter-method-output-div -->
            </div> <!-- reporter-method-div -->
          </div> <!-- main-panel-content rounded-window-bottom -->
        </div> <!-- panel -->
        <div panel-name="ignored-methods-inetbankingv1" class="panel">
          <div class="main-panel-header rounded-window-top">
            <span class="header-content">0 ignored methods</span>
          </div> <!-- main-panel-header rounded-window-top -->
          <div class="main-panel-content rounded-window-bottom">
          </div> <!-- main-panel-content rounded-window-bottom -->
        </div> <!-- panel -->
        <div panel-name="chronological-inetbankingv1" class="panel">
          <div class="main-panel-header rounded-window-top">
            <span class="header-content">Methods in chronological order</span>
          </div> <!-- main-panel-header rounded-window-top -->
          <div class="main-panel-content rounded-window-bottom">
            <div class="chronological-class">
              <div class="chronological-class-name">com.inetbanking.testCases.TC_LoginTest_002</div> <!-- chronological-class-name -->
              <div class="configuration-class before">
                <img src="failed.png">
                </img>
                <span class="method-name">setUp(chrome)</span>
                <span class="method-start">0 ms</span>
              </div> <!-- configuration-class before -->
              <div class="test-method">
                <span class="method-name">LoginTest2(dasharathamallik11@gmail.com, Hemanta12)</span>
                <span class="method-start">117922 ms</span>
              </div> <!-- test-method -->
              <div class="test-method">
                <span class="method-name">LoginTest2(dasharathamallik11@gmail.com, 12tyftfu)</span>
                <span class="method-start">117958 ms</span>
              </div> <!-- test-method -->
              <div class="test-method">
                <span class="method-name">LoginTest2(dasharathamallik11@gmail.com, dtdtfuyu5)</span>
                <span class="method-start">117981 ms</span>
              </div> <!-- test-method -->
              <div class="test-method">
                <span class="method-name">LoginTest2(dasharathamallik11@gmail.com, Hemanta)</span>
                <span class="method-start">117997 ms</span>
              </div> <!-- test-method -->
              <div class="configuration-class after">
                <span class="method-name">tearDown</span>
                <span class="method-start">118045 ms</span>
              </div> <!-- configuration-class after -->
          </div> <!-- main-panel-content rounded-window-bottom -->
        </div> <!-- panel -->
      </div> <!-- main-panel-root -->
    </div> <!-- wrapper -->
  </body>
<script type="text/javascript" src="testng-reports2.js"></script>
</html>
