<?xml version="1.0" encoding="UTF-8"?>
<!-- Generated by org.testng.reporters.JUnitXMLReporter -->
<testsuite ignored="0" hostname="DESKTOP-9FPMCVI" failures="0" tests="4" name="Fbook Test" time="118.127" errors="0" timestamp="2023-05-07T13:25:21 IST">
  <testcase classname="com.inetbanking.pageObjects.BaseTest" name="@BeforeClass setUp" time="93.71">
    <failure type="org.openqa.selenium.WebDriverException" message="chrome not reachable
Build info: version: &amp;apos;3.141.5&amp;apos;, revision: &amp;apos;d54ebd709a&amp;apos;, time: &amp;apos;2018-11-06T11:42:16&amp;apos;
System info: host: &amp;apos;DESKTOP-9FPMCVI&amp;apos;, ip: &amp;apos;192.168.0.103&amp;apos;, os.name: &amp;apos;Windows 10&amp;apos;, os.arch: &amp;apos;amd64&amp;apos;, os.version: &amp;apos;10.0&amp;apos;, java.version: &amp;apos;17.0.6&amp;apos;
Driver info: driver.version: ChromeDriver
remote stacktrace: Backtrace:
	GetHandleVerifier [0x00ACDCE3+50899]
	(No symbol) [0x00A5E111]
	(No symbol) [0x00965450]
	(No symbol) [0x0095B2B5]
	(No symbol) [0x009851C8]
	(No symbol) [0x00981471]
	(No symbol) [0x0097F479]
	(No symbol) [0x009B1FFE]
	(No symbol) [0x009B1CEC]
	(No symbol) [0x009AB6F6]
	(No symbol) [0x00987708]
	(No symbol) [0x0098886D]
	GetHandleVerifier [0x00D33EAE+2566302]
	GetHandleVerifier [0x00D692B1+2784417]
	GetHandleVerifier [0x00D6327C+2759788]
	GetHandleVerifier [0x00B65740+672048]
	(No symbol) [0x00A68872]
	(No symbol) [0x00A641C8]
	(No symbol) [0x00A642AB]
	(No symbol) [0x00A571B7]
	BaseThreadInitThunk [0x760FF989+25]
	RtlGetAppContainerNamedObjectPath [0x777574B4+228]
	RtlGetAppContainerNamedObjectPath [0x77757484+180]
">
      <![CDATA[org.openqa.selenium.WebDriverException: chrome not reachable
Build info: version: '3.141.5', revision: 'd54ebd709a', time: '2018-11-06T11:42:16'
System info: host: 'DESKTOP-9FPMCVI', ip: '192.168.0.103', os.name: 'Windows 10', os.arch: 'amd64', os.version: '10.0', java.version: '17.0.6'
Driver info: driver.version: ChromeDriver
remote stacktrace: Backtrace:
GetHandleVerifier [0x00ACDCE3+50899]
(No symbol) [0x00A5E111]
(No symbol) [0x00965450]
(No symbol) [0x0095B2B5]
(No symbol) [0x009851C8]
(No symbol) [0x00981471]
(No symbol) [0x0097F479]
(No symbol) [0x009B1FFE]
(No symbol) [0x009B1CEC]
(No symbol) [0x009AB6F6]
(No symbol) [0x00987708]
(No symbol) [0x0098886D]
GetHandleVerifier [0x00D33EAE+2566302]
GetHandleVerifier [0x00D692B1+2784417]
GetHandleVerifier [0x00D6327C+2759788]
GetHandleVerifier [0x00B65740+672048]
(No symbol) [0x00A68872]
(No symbol) [0x00A641C8]
(No symbol) [0x00A642AB]
(No symbol) [0x00A571B7]
BaseThreadInitThunk [0x760FF989+25]
RtlGetAppContainerNamedObjectPath [0x777574B4+228]
RtlGetAppContainerNamedObjectPath [0x77757484+180]

at org.openqa.selenium.remote.W3CHandshakeResponse.lambda$errorHandler$0(W3CHandshakeResponse.java:62)
at org.openqa.selenium.remote.HandshakeResponse.lambda$getResponseFunction$0(HandshakeResponse.java:30)
at org.openqa.selenium.remote.ProtocolHandshake.lambda$createSession$0(ProtocolHandshake.java:123)
at java.base/java.util.stream.ReferencePipeline$3$1.accept(ReferencePipeline.java:197)
at java.base/java.util.Spliterators$ArraySpliterator.tryAdvance(Spliterators.java:1002)
at java.base/java.util.stream.ReferencePipeline.forEachWithCancel(ReferencePipeline.java:129)
at java.base/java.util.stream.AbstractPipeline.copyIntoWithCancel(AbstractPipeline.java:527)
at java.base/java.util.stream.AbstractPipeline.copyInto(AbstractPipeline.java:513)
at java.base/java.util.stream.AbstractPipeline.wrapAndCopyInto(AbstractPipeline.java:499)
at java.base/java.util.stream.FindOps$FindOp.evaluateSequential(FindOps.java:150)
at java.base/java.util.stream.AbstractPipeline.evaluate(AbstractPipeline.java:234)
at java.base/java.util.stream.ReferencePipeline.findFirst(ReferencePipeline.java:647)
at org.openqa.selenium.remote.ProtocolHandshake.createSession(ProtocolHandshake.java:125)
at org.openqa.selenium.remote.ProtocolHandshake.createSession(ProtocolHandshake.java:74)
at org.openqa.selenium.remote.HttpCommandExecutor.execute(HttpCommandExecutor.java:136)
at org.openqa.selenium.remote.service.DriverCommandExecutor.execute(DriverCommandExecutor.java:83)
at org.openqa.selenium.remote.RemoteWebDriver.execute(RemoteWebDriver.java:552)
at org.openqa.selenium.remote.RemoteWebDriver.startSession(RemoteWebDriver.java:213)
at org.openqa.selenium.remote.RemoteWebDriver.<init>(RemoteWebDriver.java:131)
at org.openqa.selenium.chrome.ChromeDriver.<init>(ChromeDriver.java:181)
at org.openqa.selenium.chrome.ChromeDriver.<init>(ChromeDriver.java:168)
at org.openqa.selenium.chrome.ChromeDriver.<init>(ChromeDriver.java:123)
at com.inetbanking.pageObjects.BaseTest.setUp(BaseTest.java:43)
at java.base/java.util.ArrayList.forEach(ArrayList.java:1511)
... Removed 30 stack frames]]>
    </failure>
  </testcase> <!-- @BeforeClass setUp -->
  <testcase classname="com.inetbanking.pageObjects.BaseTest" name="@AfterClass tearDown" time="0.0">
    <skipped/>
  </testcase> <!-- @AfterClass tearDown -->
  <testcase classname="com.inetbanking.testCases.TC_LoginTest_002" name="LoginTest2" time="0.0">
    <skipped/>
  </testcase> <!-- LoginTest2 -->
  <testcase classname="com.inetbanking.testCases.TC_LoginTest_002" name="LoginTest2" time="0.001">
    <skipped/>
  </testcase> <!-- LoginTest2 -->
  <testcase classname="com.inetbanking.testCases.TC_LoginTest_002" name="LoginTest2" time="0.0">
    <skipped/>
  </testcase> <!-- LoginTest2 -->
  <testcase classname="com.inetbanking.testCases.TC_LoginTest_002" name="LoginTest2" time="0.0">
    <skipped/>
  </testcase> <!-- LoginTest2 -->
</testsuite> <!-- Fbook Test -->
